<?xml version="1.0" encoding="UTF-8"?>
<testng-results skipped="0" failed="0" total="1" passed="1">
  <reporter-output>
  </reporter-output>
  <suite name="Default suite" duration-ms="26967" started-at="2016-11-04T22:00:42Z" finished-at="2016-11-04T22:01:09Z">
    <groups>
    </groups>
    <test name="Default test" duration-ms="26967" started-at="2016-11-04T22:00:42Z" finished-at="2016-11-04T22:01:09Z">
      <class name="store.SigninTest">
        <test-method status="PASS" signature="beforeSuite()[pri:0, instance:store.SigninTest@464bee09]" name="beforeSuite" is-config="true" duration-ms="18" started-at="2016-11-04T17:00:42Z" finished-at="2016-11-04T17:00:42Z">
          <reporter-output>
          </reporter-output>
        </test-method> <!-- beforeSuite -->
        <test-method status="PASS" signature="beforeTest()[pri:0, instance:store.SigninTest@464bee09]" name="beforeTest" is-config="true" duration-ms="1" started-at="2016-11-04T17:00:42Z" finished-at="2016-11-04T17:00:42Z">
          <reporter-output>
          </reporter-output>
        </test-method> <!-- beforeTest -->
        <test-method status="PASS" signature="beforeClass()[pri:0, instance:store.SigninTest@464bee09]" name="beforeClass" is-config="true" duration-ms="15" started-at="2016-11-04T17:00:42Z" finished-at="2016-11-04T17:00:42Z">
          <reporter-output>
          </reporter-output>
        </test-method> <!-- beforeClass -->
        <test-method status="PASS" signature="login()[pri:0, instance:store.SigninTest@464bee09]" name="login" duration-ms="26917" started-at="2016-11-04T17:00:42Z" finished-at="2016-11-04T17:01:09Z">
          <reporter-output>
          </reporter-output>
        </test-method> <!-- login -->
        <test-method status="PASS" signature="beforeMethod()[pri:0, instance:store.SigninTest@464bee09]" name="beforeMethod" is-config="true" duration-ms="0" started-at="2016-11-04T17:00:42Z" finished-at="2016-11-04T17:00:42Z">
          <reporter-output>
          </reporter-output>
        </test-method> <!-- beforeMethod -->
        <test-method status="PASS" signature="afterMethod()[pri:0, instance:store.SigninTest@464bee09]" name="afterMethod" is-config="true" duration-ms="1" started-at="2016-11-04T17:01:09Z" finished-at="2016-11-04T17:01:09Z">
          <reporter-output>
          </reporter-output>
        </test-method> <!-- afterMethod -->
        <test-method status="PASS" signature="afterClass()[pri:0, instance:store.SigninTest@464bee09]" name="afterClass" is-config="true" duration-ms="0" started-at="2016-11-04T17:01:09Z" finished-at="2016-11-04T17:01:09Z">
          <reporter-output>
          </reporter-output>
        </test-method> <!-- afterClass -->
        <test-method status="PASS" signature="afterTest()[pri:0, instance:store.SigninTest@464bee09]" name="afterTest" is-config="true" duration-ms="1" started-at="2016-11-04T17:01:09Z" finished-at="2016-11-04T17:01:09Z">
          <reporter-output>
          </reporter-output>
        </test-method> <!-- afterTest -->
        <test-method status="PASS" signature="afterSuite()[pri:0, instance:store.SigninTest@464bee09]" name="afterSuite" is-config="true" duration-ms="0" started-at="2016-11-04T17:01:09Z" finished-at="2016-11-04T17:01:09Z">
          <reporter-output>
          </reporter-output>
        </test-method> <!-- afterSuite -->
      </class> <!-- store.SigninTest -->
    </test> <!-- Default test -->
  </suite> <!-- Default suite -->
</testng-results>
